<?xml version="1.0" encoding="UTF-8"?>
<!-- Generated by org.testng.reporters.JUnitReportReporter -->
<testsuite skipped="0" hostname="RubelDesktop" name="com.page_objects.TestingMethod" tests="1" failures="0" timestamp="02 Nov 2019 18:15:54 GMT" time="23.120" errors="0">
  <testcase name="login" time="23.120" classname="com.page_objects.TestingMethod"/>
</testsuite> <!-- com.page_objects.TestingMethod -->
