<?xml version="1.0" encoding="UTF-8"?>
<!-- Generated by org.testng.reporters.JUnitReportReporter -->
<testsuite skipped="0" hostname="RubelDesktop" name="TestRunner.TestRunnerFile" tests="1" failures="0" timestamp="26 Mar 2020 22:27:24 GMT" time="32.814" errors="0">
  <testcase name="feature" time="32.814" classname="TestRunner.TestRunnerFile"/>
</testsuite> <!-- TestRunner.TestRunnerFile -->
