<?xml version="1.0" encoding="UTF-8"?>
<!-- Generated by org.testng.reporters.JUnitReportReporter -->
<testsuite skipped="0" hostname="RubelDesktop" name="TestRunner.TestRunnerFile" tests="1" failures="0" timestamp="26 Mar 2020 22:29:28 GMT" time="34.437" errors="0">
  <testcase name="feature" time="34.437" classname="TestRunner.TestRunnerFile"/>
</testsuite> <!-- TestRunner.TestRunnerFile -->
